2025-09-01 17:55:24,941 | INFO | Старт бота. DRY_RUN=True, PNL_DIFF_USD=40.00
2025-09-01 17:55:24,942 | INFO | База данных/логов: C:\Users\User\Projects\cbbot-chunk-closer\data
2025-09-01 17:55:24,945 | INFO | Ежедневная очистка snapshots выполнена.
2025-09-01 17:55:24,946 | INFO | Запуск цикла опроса каждые 60 сек.
2025-09-01 17:55:25,538 | INFO | Баланс (USDT): total=920.24197039, available=920.05794161
2025-09-01 17:55:25,826 | INFO | Открытых позиций нет.
2025-09-01 17:55:25,827 | INFO | Для чанков нужно >1 открытая позиция.
2025-09-01 17:55:43,737 | INFO | Остановка по сигналу...
2025-09-02 11:22:40,715 | INFO | Старт бота. DRY_RUN=False, PNL_DIFF_USD=40.00, GAP_MODE=magnitude
2025-09-02 11:22:40,715 | INFO | База данных/логов: C:\Users\User\Projects\cbbot-chunk-closer\data
2025-09-02 11:22:40,716 | INFO | Ежедневная очистка snapshots выполнена.
2025-09-02 11:22:40,717 | INFO | Запуск цикла опроса каждые 60 сек.
2025-09-02 11:22:41,776 | INFO | Баланс (USDT): total=926.14235058, available=680.94930876
2025-09-02 11:22:42,056 | INFO | Открытые позиции (2):
2025-09-02 11:22:42,056 | INFO |   PUMPUSDT BOTH  amt=-313187.0 entry=0.003747 PnL=-0.61384652 upd=2025-09-02T10:29:00.246000+03:00
2025-09-02 11:22:42,056 | INFO |   DOLOUSDT BOTH  amt=6073.0 entry=0.208979 PnL=1.044556 upd=2025-09-02T11:15:27.369000+03:00
2025-09-02 11:22:42,057 | INFO | Чанки (по 2): всего 1
2025-09-02 11:22:42,058 | INFO |   #1: PUMPUSDT(BOTH) PnL=-0.61 | DOLOUSDT(BOTH) PnL=1.04
2025-09-02 11:22:42,059 | INFO | Gap(magnitude) между PUMPUSDT и DOLOUSDT: 0.43 (порог 40.00)
2025-09-02 11:22:42,059 | INFO | Gap=0.43 ≤ 40.00 — не закрываем (PUMPUSDT vs DOLOUSDT).
2025-09-02 11:23:12,168 | INFO | Остановка по сигналу...
